Dec 02 02:36:39  [info] Creating canary table

Dec 02 11:32:34  [debug] $backTrace = #0 C:\xampp\htdocs\wordpress\wp-content\plugins\civicrm\civicrm\CRM\Core\Error.php(247): CRM_Core_Error::backtrace("backTrace", TRUE)
#1 C:\xampp\htdocs\wordpress\wp-content\plugins\civicrm\civicrm\vendor\pear\pear-core-minimal\src\PEAR.php(944): CRM_Core_Error::simpleHandler(Object(DB_Error))
#2 C:\xampp\htdocs\wordpress\wp-content\plugins\civicrm\civicrm\vendor\pear\db\DB.php(997): PEAR_Error->__construct("DB Error: connect failed", -24, 16, (Array:2), " [nativecode=No connection could be made because the target machine actively ...")
#3 C:\xampp\htdocs\wordpress\wp-content\plugins\civicrm\civicrm\vendor\pear\pear-core-minimal\src\PEAR.php(575): DB_Error->__construct(-24, 16, (Array:2), " [nativecode=No connection could be made because the target machine actively ...")
#4 C:\xampp\htdocs\wordpress\wp-content\plugins\civicrm\civicrm\vendor\pear\pear-core-minimal\src\PEAR.php(223): PEAR::_raiseError(Object(DB_mysqli), NULL, -24, 16, (Array:2), " [nativecode=No connection could be made because the target machine actively ...", "DB_Error", TRUE)
#5 C:\xampp\htdocs\wordpress\wp-content\plugins\civicrm\civicrm\vendor\pear\db\DB\common.php(1928): PEAR->__call("raiseError", (Array:7))
#6 C:\xampp\htdocs\wordpress\wp-content\plugins\civicrm\civicrm\vendor\pear\db\DB\mysqli.php(343): DB_common->raiseError(-24, NULL, NULL, " [nativecode=No connection could be made because the target machine actively ...", "No connection could be made because the target machine actively refused it.\r\n")
#7 C:\xampp\htdocs\wordpress\wp-content\plugins\civicrm\civicrm\vendor\pear\db\DB.php(571): DB_mysqli->connect((Array:10), FALSE)
#8 C:\xampp\htdocs\wordpress\wp-content\plugins\civicrm\civicrm\packages\DB\DataObject.php(2559): DB::connect((string))
#9 C:\xampp\htdocs\wordpress\wp-content\plugins\civicrm\civicrm\CRM\Core\DAO.php(529): DB_DataObject->_connect()
#10 C:\xampp\htdocs\wordpress\wp-content\plugins\civicrm\civicrm\CRM\Core\DAO.php(156): CRM_Core_DAO->initialize()
#11 C:\xampp\htdocs\wordpress\wp-content\plugins\civicrm\civicrm\CRM\Core\DAO.php(1660): CRM_Core_DAO->__construct()
#12 C:\xampp\htdocs\wordpress\wp-content\plugins\civicrm\civicrm\CRM\Core\DAO.php(236): CRM_Core_DAO::executeQuery("SET NAMES utf8mb4")
#13 C:\xampp\htdocs\wordpress\wp-content\plugins\civicrm\civicrm\Civi\Core\Container.php(625): CRM_Core_DAO::init("mysqli://root:@localhost/civicrm?new_link=true")
#14 C:\xampp\htdocs\wordpress\wp-content\plugins\civicrm\civicrm\CRM\Core\Config.php(87): Civi\Core\Container::boot(TRUE)
#15 C:\Users\civix\src\CRM\CivixBundle\Services.php(23): CRM_Core_Config::singleton()
#16 C:\Users\civix\src\CRM\CivixBundle\Command\InitCommand.php(60): CRM\CivixBundle\Services::boot((Array:2))
#17 C:\Users\civix\vendor\symfony\console\Command\Command.php(255): CRM\CivixBundle\Command\InitCommand->execute(Object(Symfony\Component\Console\Input\ArgvInput), Object(Symfony\Component\Console\Output\ConsoleOutput))
#18 C:\Users\civix\vendor\symfony\console\Application.php(1021): Symfony\Component\Console\Command\Command->run(Object(Symfony\Component\Console\Input\ArgvInput), Object(Symfony\Component\Console\Output\ConsoleOutput))
#19 C:\Users\civix\vendor\symfony\console\Application.php(275): Symfony\Component\Console\Application->doRunCommand(Object(CRM\CivixBundle\Command\InitCommand), Object(Symfony\Component\Console\Input\ArgvInput), Object(Symfony\Component\Console\Output\ConsoleOutput))
#20 C:\Users\civix\vendor\symfony\console\Application.php(149): Symfony\Component\Console\Application->doRun(Object(Symfony\Component\Console\Input\ArgvInput), Object(Symfony\Component\Console\Output\ConsoleOutput))
#21 C:\Users\civix\src\CRM\CivixBundle\Application.php(37): Symfony\Component\Console\Application->run()
#22 C:\Users\civix\bin\civix(29): CRM\CivixBundle\Application::main("C:\Users\civix\bin")
#23 {main}


Dec 02 11:32:39  [debug] $backTrace = #0 C:\xampp\htdocs\wordpress\wp-content\plugins\civicrm\civicrm\CRM\Core\Error.php(247): CRM_Core_Error::backtrace("backTrace", TRUE)
#1 C:\xampp\htdocs\wordpress\wp-content\plugins\civicrm\civicrm\vendor\pear\pear-core-minimal\src\PEAR.php(944): CRM_Core_Error::simpleHandler(Object(DB_Error))
#2 C:\xampp\htdocs\wordpress\wp-content\plugins\civicrm\civicrm\vendor\pear\db\DB.php(997): PEAR_Error->__construct("DB Error: connect failed", -24, 16, (Array:2), " [nativecode=No connection could be made because the target machine actively ...")
#3 C:\xampp\htdocs\wordpress\wp-content\plugins\civicrm\civicrm\vendor\pear\pear-core-minimal\src\PEAR.php(575): DB_Error->__construct(-24, 16, (Array:2), " [nativecode=No connection could be made because the target machine actively ...")
#4 C:\xampp\htdocs\wordpress\wp-content\plugins\civicrm\civicrm\vendor\pear\pear-core-minimal\src\PEAR.php(223): PEAR::_raiseError(Object(DB_mysqli), NULL, -24, 16, (Array:2), " [nativecode=No connection could be made because the target machine actively ...", "DB_Error", TRUE)
#5 C:\xampp\htdocs\wordpress\wp-content\plugins\civicrm\civicrm\vendor\pear\db\DB\common.php(1928): PEAR->__call("raiseError", (Array:7))
#6 C:\xampp\htdocs\wordpress\wp-content\plugins\civicrm\civicrm\vendor\pear\db\DB\mysqli.php(343): DB_common->raiseError(-24, NULL, NULL, " [nativecode=No connection could be made because the target machine actively ...", "No connection could be made because the target machine actively refused it.\r\n")
#7 C:\xampp\htdocs\wordpress\wp-content\plugins\civicrm\civicrm\vendor\pear\db\DB.php(571): DB_mysqli->connect((Array:10), FALSE)
#8 C:\xampp\htdocs\wordpress\wp-content\plugins\civicrm\civicrm\packages\DB\DataObject.php(2559): DB::connect((string))
#9 C:\xampp\htdocs\wordpress\wp-content\plugins\civicrm\civicrm\CRM\Core\DAO.php(529): DB_DataObject->_connect()
#10 C:\xampp\htdocs\wordpress\wp-content\plugins\civicrm\civicrm\CRM\Core\DAO.php(156): CRM_Core_DAO->initialize()
#11 C:\xampp\htdocs\wordpress\wp-content\plugins\civicrm\civicrm\CRM\Core\DAO.php(1660): CRM_Core_DAO->__construct()
#12 C:\xampp\htdocs\wordpress\wp-content\plugins\civicrm\civicrm\Civi\Core\SettingsBag.php(135): CRM_Core_DAO::executeQuery("SELECT id, name, value, domain_id, contact_id, is_domain, component_id, creat...")
#13 C:\xampp\htdocs\wordpress\wp-content\plugins\civicrm\civicrm\Civi\Core\SettingsManager.php(157): Civi\Core\SettingsBag->loadValues()
#14 C:\xampp\htdocs\wordpress\wp-content\plugins\civicrm\civicrm\Civi.php(218): Civi\Core\SettingsManager->getBagByDomain(1)
#15 C:\xampp\htdocs\wordpress\wp-content\plugins\civicrm\civicrm\CRM\Core\Config\MagicMerge.php(394): Civi::settings()
#16 C:\xampp\htdocs\wordpress\wp-content\plugins\civicrm\civicrm\CRM\Core\Config\MagicMerge.php(232): CRM_Core_Config_MagicMerge->getSettings()
#17 C:\xampp\htdocs\wordpress\wp-content\plugins\civicrm\civicrm\CRM\Core\Error.php(597): CRM_Core_Config_MagicMerge->__get("userFrameworkLogging")
#18 C:\xampp\htdocs\wordpress\wp-content\plugins\civicrm\civicrm\CRM\Core\Error.php(560): CRM_Core_Error::debug_log_message("$backTrace = #0 C:\xampp\htdocs\wordpress\wp-content\plugins\civicrm\civicrm\...", FALSE, "", 7)
#19 C:\xampp\htdocs\wordpress\wp-content\plugins\civicrm\civicrm\CRM\Core\Error.php(727): CRM_Core_Error::debug_var("backTrace", "#0 C:\xampp\htdocs\wordpress\wp-content\plugins\civicrm\civicrm\CRM\Core\Erro...", TRUE, TRUE, "", 7)
#20 C:\xampp\htdocs\wordpress\wp-content\plugins\civicrm\civicrm\CRM\Core\Error.php(247): CRM_Core_Error::backtrace("backTrace", TRUE)
#21 C:\xampp\htdocs\wordpress\wp-content\plugins\civicrm\civicrm\vendor\pear\pear-core-minimal\src\PEAR.php(944): CRM_Core_Error::simpleHandler(Object(DB_Error))
#22 C:\xampp\htdocs\wordpress\wp-content\plugins\civicrm\civicrm\vendor\pear\db\DB.php(997): PEAR_Error->__construct("DB Error: connect failed", -24, 16, (Array:2), " [nativecode=No connection could be made because the target machine actively ...")
#23 C:\xampp\htdocs\wordpress\wp-content\plugins\civicrm\civicrm\vendor\pear\pear-core-minimal\src\PEAR.php(575): DB_Error->__construct(-24, 16, (Array:2), " [nativecode=No connection could be made because the target machine actively ...")
#24 C:\xampp\htdocs\wordpress\wp-content\plugins\civicrm\civicrm\vendor\pear\pear-core-minimal\src\PEAR.php(223): PEAR::_raiseError(Object(DB_mysqli), NULL, -24, 16, (Array:2), " [nativecode=No connection could be made because the target machine actively ...", "DB_Error", TRUE)
#25 C:\xampp\htdocs\wordpress\wp-content\plugins\civicrm\civicrm\vendor\pear\db\DB\common.php(1928): PEAR->__call("raiseError", (Array:7))
#26 C:\xampp\htdocs\wordpress\wp-content\plugins\civicrm\civicrm\vendor\pear\db\DB\mysqli.php(343): DB_common->raiseError(-24, NULL, NULL, " [nativecode=No connection could be made because the target machine actively ...", "No connection could be made because the target machine actively refused it.\r\n")
#27 C:\xampp\htdocs\wordpress\wp-content\plugins\civicrm\civicrm\vendor\pear\db\DB.php(571): DB_mysqli->connect((Array:10), FALSE)
#28 C:\xampp\htdocs\wordpress\wp-content\plugins\civicrm\civicrm\packages\DB\DataObject.php(2559): DB::connect((string))
#29 C:\xampp\htdocs\wordpress\wp-content\plugins\civicrm\civicrm\CRM\Core\DAO.php(529): DB_DataObject->_connect()
#30 C:\xampp\htdocs\wordpress\wp-content\plugins\civicrm\civicrm\CRM\Core\DAO.php(156): CRM_Core_DAO->initialize()
#31 C:\xampp\htdocs\wordpress\wp-content\plugins\civicrm\civicrm\CRM\Core\DAO.php(1660): CRM_Core_DAO->__construct()
#32 C:\xampp\htdocs\wordpress\wp-content\plugins\civicrm\civicrm\CRM\Core\DAO.php(236): CRM_Core_DAO::executeQuery("SET NAMES utf8mb4")
#33 C:\xampp\htdocs\wordpress\wp-content\plugins\civicrm\civicrm\Civi\Core\Container.php(625): CRM_Core_DAO::init("mysqli://root:@localhost/civicrm?new_link=true")
#34 C:\xampp\htdocs\wordpress\wp-content\plugins\civicrm\civicrm\CRM\Core\Config.php(87): Civi\Core\Container::boot(TRUE)
#35 C:\Users\civix\src\CRM\CivixBundle\Services.php(23): CRM_Core_Config::singleton()
#36 C:\Users\civix\src\CRM\CivixBundle\Command\InitCommand.php(60): CRM\CivixBundle\Services::boot((Array:2))
#37 C:\Users\civix\vendor\symfony\console\Command\Command.php(255): CRM\CivixBundle\Command\InitCommand->execute(Object(Symfony\Component\Console\Input\ArgvInput), Object(Symfony\Component\Console\Output\ConsoleOutput))
#38 C:\Users\civix\vendor\symfony\console\Application.php(1021): Symfony\Component\Console\Command\Command->run(Object(Symfony\Component\Console\Input\ArgvInput), Object(Symfony\Component\Console\Output\ConsoleOutput))
#39 C:\Users\civix\vendor\symfony\console\Application.php(275): Symfony\Component\Console\Application->doRunCommand(Object(CRM\CivixBundle\Command\InitCommand), Object(Symfony\Component\Console\Input\ArgvInput), Object(Symfony\Component\Console\Output\ConsoleOutput))
#40 C:\Users\civix\vendor\symfony\console\Application.php(149): Symfony\Component\Console\Application->doRun(Object(Symfony\Component\Console\Input\ArgvInput), Object(Symfony\Component\Console\Output\ConsoleOutput))
#41 C:\Users\civix\src\CRM\CivixBundle\Application.php(37): Symfony\Component\Console\Application->run()
#42 C:\Users\civix\bin\civix(29): CRM\CivixBundle\Application::main("C:\Users\civix\bin")
#43 {main}


